Terminals unused in grammar

   ERROR


State 108 conflicts: 9 shift/reduce
State 133 conflicts: 9 shift/reduce
State 144 conflicts: 9 shift/reduce


Grammar

    0 $accept: program $end

    1 program: class_list

    2 class_list: class
    3           | class_list class

    4 class: CLASS TYPEID '{' features_list '}' ';'
    5      | CLASS TYPEID INHERITS TYPEID '{' features_list '}' ';'
    6      | error ';'

    7 features_list: features
    8              | %empty

    9 features: feature ';'
   10         | features feature ';'
   11         | error ';'

   12 feature: OBJECTID '(' formals ')' ':' TYPEID '{' expr '}'
   13        | OBJECTID ':' TYPEID
   14        | OBJECTID ':' TYPEID ASSIGN expr

   15 formals: formal
   16        | formals ',' formal
   17        | %empty

   18 formal: OBJECTID ':' TYPEID

   19 expr: OBJECTID ASSIGN expr
   20     | expr '.' OBJECTID '(' param_expr ')'
   21     | expr '@' TYPEID '.' OBJECTID '(' param_expr ')'
   22     | OBJECTID '(' param_expr ')'
   23     | IF expr THEN expr ELSE expr FI
   24     | WHILE expr LOOP expr POOL
   25     | '{' one_or_more_expr '}'
   26     | LET let_expr
   27     | CASE expr OF case_branch_list ESAC
   28     | NEW TYPEID
   29     | ISVOID expr
   30     | expr '+' expr
   31     | expr '-' expr
   32     | expr '*' expr
   33     | expr '/' expr
   34     | '~' expr
   35     | expr '<' expr
   36     | expr LE expr
   37     | expr '=' expr
   38     | NOT expr
   39     | '(' expr ')'
   40     | OBJECTID
   41     | INT_CONST
   42     | STR_CONST
   43     | BOOL_CONST

   44 let_expr: OBJECTID ':' TYPEID IN expr
   45         | OBJECTID ':' TYPEID ASSIGN expr IN expr
   46         | OBJECTID ':' TYPEID ',' let_expr
   47         | OBJECTID ':' TYPEID ASSIGN expr ',' let_expr
   48         | error IN expr
   49         | error ',' let_expr

   50 one_or_more_expr: expr ';'
   51                 | one_or_more_expr expr ';'
   52                 | error ';'

   53 param_expr: expr
   54           | param_expr ',' expr
   55           | %empty

   56 case_branch_list: case_branch
   57                 | case_branch_list case_branch

   58 case_branch: OBJECTID ':' TYPEID DARROW expr ';'


Terminals, with rules where they appear

$end (0) 0
'(' (40) 12 20 21 22 39
')' (41) 12 20 21 22 39
'*' (42) 32
'+' (43) 30
',' (44) 16 46 47 49 54
'-' (45) 31
'.' (46) 20 21
'/' (47) 33
':' (58) 12 13 14 18 44 45 46 47 58
';' (59) 4 5 6 9 10 11 50 51 52 58
'<' (60) 35
'=' (61) 37
'@' (64) 21
'{' (123) 4 5 12 25
'}' (125) 4 5 12 25
'~' (126) 34
error (256) 6 11 48 49 52
CLASS (258) 4 5
ELSE (259) 23
FI (260) 23
IF (261) 23
IN (262) 44 45 48
INHERITS (263) 5
LET (264) 26
LOOP (265) 24
POOL (266) 24
THEN (267) 23
WHILE (268) 24
CASE (269) 27
ESAC (270) 27
OF (271) 27
DARROW (272) 58
NEW (273) 28
ISVOID (274) 29
STR_CONST (275) 42
INT_CONST (276) 41
BOOL_CONST (277) 43
TYPEID (278) 4 5 12 13 14 18 21 28 44 45 46 47 58
OBJECTID (279) 12 13 14 18 19 20 21 22 40 44 45 46 47 58
ASSIGN (280) 14 19 45 47
NOT (281) 38
LE (282) 36
ERROR (283)


Nonterminals, with rules where they appear

$accept (45)
    on left: 0
program (46)
    on left: 1, on right: 0
class_list (47)
    on left: 2 3, on right: 1 3
class (48)
    on left: 4 5 6, on right: 2 3
features_list (49)
    on left: 7 8, on right: 4 5
features (50)
    on left: 9 10 11, on right: 7 10
feature (51)
    on left: 12 13 14, on right: 9 10
formals (52)
    on left: 15 16 17, on right: 12 16
formal (53)
    on left: 18, on right: 15 16
expr (54)
    on left: 19 20 21 22 23 24 25 26 27 28 29 30 31 32 33 34 35 36
    37 38 39 40 41 42 43, on right: 12 14 19 20 21 23 24 27 29 30 31
    32 33 34 35 36 37 38 39 44 45 47 48 50 51 53 54 58
let_expr (55)
    on left: 44 45 46 47 48 49, on right: 26 46 47 49
one_or_more_expr (56)
    on left: 50 51 52, on right: 25 51
param_expr (57)
    on left: 53 54 55, on right: 20 21 22 54
case_branch_list (58)
    on left: 56 57, on right: 27 57
case_branch (59)
    on left: 58, on right: 56 57


State 0

    0 $accept: . program $end

    error  shift, and go to state 1
    CLASS  shift, and go to state 2

    program     go to state 3
    class_list  go to state 4
    class       go to state 5


State 1

    6 class: error . ';'

    ';'  shift, and go to state 6


State 2

    4 class: CLASS . TYPEID '{' features_list '}' ';'
    5      | CLASS . TYPEID INHERITS TYPEID '{' features_list '}' ';'

    TYPEID  shift, and go to state 7


State 3

    0 $accept: program . $end

    $end  shift, and go to state 8


State 4

    1 program: class_list .
    3 class_list: class_list . class

    error  shift, and go to state 1
    CLASS  shift, and go to state 2

    $end  reduce using rule 1 (program)

    class  go to state 9


State 5

    2 class_list: class .

    $default  reduce using rule 2 (class_list)


State 6

    6 class: error ';' .

    $default  reduce using rule 6 (class)


State 7

    4 class: CLASS TYPEID . '{' features_list '}' ';'
    5      | CLASS TYPEID . INHERITS TYPEID '{' features_list '}' ';'

    INHERITS  shift, and go to state 10
    '{'       shift, and go to state 11


State 8

    0 $accept: program $end .

    $default  accept


State 9

    3 class_list: class_list class .

    $default  reduce using rule 3 (class_list)


State 10

    5 class: CLASS TYPEID INHERITS . TYPEID '{' features_list '}' ';'

    TYPEID  shift, and go to state 12


State 11

    4 class: CLASS TYPEID '{' . features_list '}' ';'

    error     shift, and go to state 13
    OBJECTID  shift, and go to state 14

    '}'  reduce using rule 8 (features_list)

    features_list  go to state 15
    features       go to state 16
    feature        go to state 17


State 12

    5 class: CLASS TYPEID INHERITS TYPEID . '{' features_list '}' ';'

    '{'  shift, and go to state 18


State 13

   11 features: error . ';'

    ';'  shift, and go to state 19


State 14

   12 feature: OBJECTID . '(' formals ')' ':' TYPEID '{' expr '}'
   13        | OBJECTID . ':' TYPEID
   14        | OBJECTID . ':' TYPEID ASSIGN expr

    '('  shift, and go to state 20
    ':'  shift, and go to state 21


State 15

    4 class: CLASS TYPEID '{' features_list . '}' ';'

    '}'  shift, and go to state 22


State 16

    7 features_list: features .
   10 features: features . feature ';'

    OBJECTID  shift, and go to state 14

    $default  reduce using rule 7 (features_list)

    feature  go to state 23


State 17

    9 features: feature . ';'

    ';'  shift, and go to state 24


State 18

    5 class: CLASS TYPEID INHERITS TYPEID '{' . features_list '}' ';'

    error     shift, and go to state 13
    OBJECTID  shift, and go to state 14

    '}'  reduce using rule 8 (features_list)

    features_list  go to state 25
    features       go to state 16
    feature        go to state 17


State 19

   11 features: error ';' .

    $default  reduce using rule 11 (features)


State 20

   12 feature: OBJECTID '(' . formals ')' ':' TYPEID '{' expr '}'

    OBJECTID  shift, and go to state 26

    $default  reduce using rule 17 (formals)

    formals  go to state 27
    formal   go to state 28


State 21

   13 feature: OBJECTID ':' . TYPEID
   14        | OBJECTID ':' . TYPEID ASSIGN expr

    TYPEID  shift, and go to state 29


State 22

    4 class: CLASS TYPEID '{' features_list '}' . ';'

    ';'  shift, and go to state 30


State 23

   10 features: features feature . ';'

    ';'  shift, and go to state 31


State 24

    9 features: feature ';' .

    $default  reduce using rule 9 (features)


State 25

    5 class: CLASS TYPEID INHERITS TYPEID '{' features_list . '}' ';'

    '}'  shift, and go to state 32


State 26

   18 formal: OBJECTID . ':' TYPEID

    ':'  shift, and go to state 33


State 27

   12 feature: OBJECTID '(' formals . ')' ':' TYPEID '{' expr '}'
   16 formals: formals . ',' formal

    ')'  shift, and go to state 34
    ','  shift, and go to state 35


State 28

   15 formals: formal .

    $default  reduce using rule 15 (formals)


State 29

   13 feature: OBJECTID ':' TYPEID .
   14        | OBJECTID ':' TYPEID . ASSIGN expr

    ASSIGN  shift, and go to state 36

    $default  reduce using rule 13 (feature)


State 30

    4 class: CLASS TYPEID '{' features_list '}' ';' .

    $default  reduce using rule 4 (class)


State 31

   10 features: features feature ';' .

    $default  reduce using rule 10 (features)


State 32

    5 class: CLASS TYPEID INHERITS TYPEID '{' features_list '}' . ';'

    ';'  shift, and go to state 37


State 33

   18 formal: OBJECTID ':' . TYPEID

    TYPEID  shift, and go to state 38


State 34

   12 feature: OBJECTID '(' formals ')' . ':' TYPEID '{' expr '}'

    ':'  shift, and go to state 39


State 35

   16 formals: formals ',' . formal

    OBJECTID  shift, and go to state 26

    formal  go to state 40


State 36

   14 feature: OBJECTID ':' TYPEID ASSIGN . expr

    IF          shift, and go to state 41
    LET         shift, and go to state 42
    WHILE       shift, and go to state 43
    CASE        shift, and go to state 44
    NEW         shift, and go to state 45
    ISVOID      shift, and go to state 46
    STR_CONST   shift, and go to state 47
    INT_CONST   shift, and go to state 48
    BOOL_CONST  shift, and go to state 49
    OBJECTID    shift, and go to state 50
    NOT         shift, and go to state 51
    '~'         shift, and go to state 52
    '{'         shift, and go to state 53
    '('         shift, and go to state 54

    expr  go to state 55


State 37

    5 class: CLASS TYPEID INHERITS TYPEID '{' features_list '}' ';' .

    $default  reduce using rule 5 (class)


State 38

   18 formal: OBJECTID ':' TYPEID .

    $default  reduce using rule 18 (formal)


State 39

   12 feature: OBJECTID '(' formals ')' ':' . TYPEID '{' expr '}'

    TYPEID  shift, and go to state 56


State 40

   16 formals: formals ',' formal .

    $default  reduce using rule 16 (formals)


State 41

   23 expr: IF . expr THEN expr ELSE expr FI

    IF          shift, and go to state 41
    LET         shift, and go to state 42
    WHILE       shift, and go to state 43
    CASE        shift, and go to state 44
    NEW         shift, and go to state 45
    ISVOID      shift, and go to state 46
    STR_CONST   shift, and go to state 47
    INT_CONST   shift, and go to state 48
    BOOL_CONST  shift, and go to state 49
    OBJECTID    shift, and go to state 50
    NOT         shift, and go to state 51
    '~'         shift, and go to state 52
    '{'         shift, and go to state 53
    '('         shift, and go to state 54

    expr  go to state 57


State 42

   26 expr: LET . let_expr

    error     shift, and go to state 58
    OBJECTID  shift, and go to state 59

    let_expr  go to state 60


State 43

   24 expr: WHILE . expr LOOP expr POOL

    IF          shift, and go to state 41
    LET         shift, and go to state 42
    WHILE       shift, and go to state 43
    CASE        shift, and go to state 44
    NEW         shift, and go to state 45
    ISVOID      shift, and go to state 46
    STR_CONST   shift, and go to state 47
    INT_CONST   shift, and go to state 48
    BOOL_CONST  shift, and go to state 49
    OBJECTID    shift, and go to state 50
    NOT         shift, and go to state 51
    '~'         shift, and go to state 52
    '{'         shift, and go to state 53
    '('         shift, and go to state 54

    expr  go to state 61


State 44

   27 expr: CASE . expr OF case_branch_list ESAC

    IF          shift, and go to state 41
    LET         shift, and go to state 42
    WHILE       shift, and go to state 43
    CASE        shift, and go to state 44
    NEW         shift, and go to state 45
    ISVOID      shift, and go to state 46
    STR_CONST   shift, and go to state 47
    INT_CONST   shift, and go to state 48
    BOOL_CONST  shift, and go to state 49
    OBJECTID    shift, and go to state 50
    NOT         shift, and go to state 51
    '~'         shift, and go to state 52
    '{'         shift, and go to state 53
    '('         shift, and go to state 54

    expr  go to state 62


State 45

   28 expr: NEW . TYPEID

    TYPEID  shift, and go to state 63


State 46

   29 expr: ISVOID . expr

    IF          shift, and go to state 41
    LET         shift, and go to state 42
    WHILE       shift, and go to state 43
    CASE        shift, and go to state 44
    NEW         shift, and go to state 45
    ISVOID      shift, and go to state 46
    STR_CONST   shift, and go to state 47
    INT_CONST   shift, and go to state 48
    BOOL_CONST  shift, and go to state 49
    OBJECTID    shift, and go to state 50
    NOT         shift, and go to state 51
    '~'         shift, and go to state 52
    '{'         shift, and go to state 53
    '('         shift, and go to state 54

    expr  go to state 64


State 47

   42 expr: STR_CONST .

    $default  reduce using rule 42 (expr)


State 48

   41 expr: INT_CONST .

    $default  reduce using rule 41 (expr)


State 49

   43 expr: BOOL_CONST .

    $default  reduce using rule 43 (expr)


State 50

   19 expr: OBJECTID . ASSIGN expr
   22     | OBJECTID . '(' param_expr ')'
   40     | OBJECTID .

    ASSIGN  shift, and go to state 65
    '('     shift, and go to state 66

    $default  reduce using rule 40 (expr)


State 51

   38 expr: NOT . expr

    IF          shift, and go to state 41
    LET         shift, and go to state 42
    WHILE       shift, and go to state 43
    CASE        shift, and go to state 44
    NEW         shift, and go to state 45
    ISVOID      shift, and go to state 46
    STR_CONST   shift, and go to state 47
    INT_CONST   shift, and go to state 48
    BOOL_CONST  shift, and go to state 49
    OBJECTID    shift, and go to state 50
    NOT         shift, and go to state 51
    '~'         shift, and go to state 52
    '{'         shift, and go to state 53
    '('         shift, and go to state 54

    expr  go to state 67


State 52

   34 expr: '~' . expr

    IF          shift, and go to state 41
    LET         shift, and go to state 42
    WHILE       shift, and go to state 43
    CASE        shift, and go to state 44
    NEW         shift, and go to state 45
    ISVOID      shift, and go to state 46
    STR_CONST   shift, and go to state 47
    INT_CONST   shift, and go to state 48
    BOOL_CONST  shift, and go to state 49
    OBJECTID    shift, and go to state 50
    NOT         shift, and go to state 51
    '~'         shift, and go to state 52
    '{'         shift, and go to state 53
    '('         shift, and go to state 54

    expr  go to state 68


State 53

   25 expr: '{' . one_or_more_expr '}'

    error       shift, and go to state 69
    IF          shift, and go to state 41
    LET         shift, and go to state 42
    WHILE       shift, and go to state 43
    CASE        shift, and go to state 44
    NEW         shift, and go to state 45
    ISVOID      shift, and go to state 46
    STR_CONST   shift, and go to state 47
    INT_CONST   shift, and go to state 48
    BOOL_CONST  shift, and go to state 49
    OBJECTID    shift, and go to state 50
    NOT         shift, and go to state 51
    '~'         shift, and go to state 52
    '{'         shift, and go to state 53
    '('         shift, and go to state 54

    expr              go to state 70
    one_or_more_expr  go to state 71


State 54

   39 expr: '(' . expr ')'

    IF          shift, and go to state 41
    LET         shift, and go to state 42
    WHILE       shift, and go to state 43
    CASE        shift, and go to state 44
    NEW         shift, and go to state 45
    ISVOID      shift, and go to state 46
    STR_CONST   shift, and go to state 47
    INT_CONST   shift, and go to state 48
    BOOL_CONST  shift, and go to state 49
    OBJECTID    shift, and go to state 50
    NOT         shift, and go to state 51
    '~'         shift, and go to state 52
    '{'         shift, and go to state 53
    '('         shift, and go to state 54

    expr  go to state 72


State 55

   14 feature: OBJECTID ':' TYPEID ASSIGN expr .
   20 expr: expr . '.' OBJECTID '(' param_expr ')'
   21     | expr . '@' TYPEID '.' OBJECTID '(' param_expr ')'
   30     | expr . '+' expr
   31     | expr . '-' expr
   32     | expr . '*' expr
   33     | expr . '/' expr
   35     | expr . '<' expr
   36     | expr . LE expr
   37     | expr . '=' expr

    LE   shift, and go to state 73
    '+'  shift, and go to state 74
    '-'  shift, and go to state 75
    '*'  shift, and go to state 76
    '/'  shift, and go to state 77
    '@'  shift, and go to state 78
    '<'  shift, and go to state 79
    '='  shift, and go to state 80
    '.'  shift, and go to state 81

    $default  reduce using rule 14 (feature)


State 56

   12 feature: OBJECTID '(' formals ')' ':' TYPEID . '{' expr '}'

    '{'  shift, and go to state 82


State 57

   20 expr: expr . '.' OBJECTID '(' param_expr ')'
   21     | expr . '@' TYPEID '.' OBJECTID '(' param_expr ')'
   23     | IF expr . THEN expr ELSE expr FI
   30     | expr . '+' expr
   31     | expr . '-' expr
   32     | expr . '*' expr
   33     | expr . '/' expr
   35     | expr . '<' expr
   36     | expr . LE expr
   37     | expr . '=' expr

    THEN  shift, and go to state 83
    LE    shift, and go to state 73
    '+'   shift, and go to state 74
    '-'   shift, and go to state 75
    '*'   shift, and go to state 76
    '/'   shift, and go to state 77
    '@'   shift, and go to state 78
    '<'   shift, and go to state 79
    '='   shift, and go to state 80
    '.'   shift, and go to state 81


State 58

   48 let_expr: error . IN expr
   49         | error . ',' let_expr

    IN   shift, and go to state 84
    ','  shift, and go to state 85


State 59

   44 let_expr: OBJECTID . ':' TYPEID IN expr
   45         | OBJECTID . ':' TYPEID ASSIGN expr IN expr
   46         | OBJECTID . ':' TYPEID ',' let_expr
   47         | OBJECTID . ':' TYPEID ASSIGN expr ',' let_expr

    ':'  shift, and go to state 86


State 60

   26 expr: LET let_expr .

    $default  reduce using rule 26 (expr)


State 61

   20 expr: expr . '.' OBJECTID '(' param_expr ')'
   21     | expr . '@' TYPEID '.' OBJECTID '(' param_expr ')'
   24     | WHILE expr . LOOP expr POOL
   30     | expr . '+' expr
   31     | expr . '-' expr
   32     | expr . '*' expr
   33     | expr . '/' expr
   35     | expr . '<' expr
   36     | expr . LE expr
   37     | expr . '=' expr

    LOOP  shift, and go to state 87
    LE    shift, and go to state 73
    '+'   shift, and go to state 74
    '-'   shift, and go to state 75
    '*'   shift, and go to state 76
    '/'   shift, and go to state 77
    '@'   shift, and go to state 78
    '<'   shift, and go to state 79
    '='   shift, and go to state 80
    '.'   shift, and go to state 81


State 62

   20 expr: expr . '.' OBJECTID '(' param_expr ')'
   21     | expr . '@' TYPEID '.' OBJECTID '(' param_expr ')'
   27     | CASE expr . OF case_branch_list ESAC
   30     | expr . '+' expr
   31     | expr . '-' expr
   32     | expr . '*' expr
   33     | expr . '/' expr
   35     | expr . '<' expr
   36     | expr . LE expr
   37     | expr . '=' expr

    OF   shift, and go to state 88
    LE   shift, and go to state 73
    '+'  shift, and go to state 74
    '-'  shift, and go to state 75
    '*'  shift, and go to state 76
    '/'  shift, and go to state 77
    '@'  shift, and go to state 78
    '<'  shift, and go to state 79
    '='  shift, and go to state 80
    '.'  shift, and go to state 81


State 63

   28 expr: NEW TYPEID .

    $default  reduce using rule 28 (expr)


State 64

   20 expr: expr . '.' OBJECTID '(' param_expr ')'
   21     | expr . '@' TYPEID '.' OBJECTID '(' param_expr ')'
   29     | ISVOID expr .
   30     | expr . '+' expr
   31     | expr . '-' expr
   32     | expr . '*' expr
   33     | expr . '/' expr
   35     | expr . '<' expr
   36     | expr . LE expr
   37     | expr . '=' expr

    LE   shift, and go to state 73
    '@'  shift, and go to state 78
    '<'  shift, and go to state 79
    '='  shift, and go to state 80
    '.'  shift, and go to state 81

    $default  reduce using rule 29 (expr)


State 65

   19 expr: OBJECTID ASSIGN . expr

    IF          shift, and go to state 41
    LET         shift, and go to state 42
    WHILE       shift, and go to state 43
    CASE        shift, and go to state 44
    NEW         shift, and go to state 45
    ISVOID      shift, and go to state 46
    STR_CONST   shift, and go to state 47
    INT_CONST   shift, and go to state 48
    BOOL_CONST  shift, and go to state 49
    OBJECTID    shift, and go to state 50
    NOT         shift, and go to state 51
    '~'         shift, and go to state 52
    '{'         shift, and go to state 53
    '('         shift, and go to state 54

    expr  go to state 89


State 66

   22 expr: OBJECTID '(' . param_expr ')'

    IF          shift, and go to state 41
    LET         shift, and go to state 42
    WHILE       shift, and go to state 43
    CASE        shift, and go to state 44
    NEW         shift, and go to state 45
    ISVOID      shift, and go to state 46
    STR_CONST   shift, and go to state 47
    INT_CONST   shift, and go to state 48
    BOOL_CONST  shift, and go to state 49
    OBJECTID    shift, and go to state 50
    NOT         shift, and go to state 51
    '~'         shift, and go to state 52
    '{'         shift, and go to state 53
    '('         shift, and go to state 54

    $default  reduce using rule 55 (param_expr)

    expr        go to state 90
    param_expr  go to state 91


State 67

   20 expr: expr . '.' OBJECTID '(' param_expr ')'
   21     | expr . '@' TYPEID '.' OBJECTID '(' param_expr ')'
   30     | expr . '+' expr
   31     | expr . '-' expr
   32     | expr . '*' expr
   33     | expr . '/' expr
   35     | expr . '<' expr
   36     | expr . LE expr
   37     | expr . '=' expr
   38     | NOT expr .

    LE   shift, and go to state 73
    '+'  shift, and go to state 74
    '-'  shift, and go to state 75
    '*'  shift, and go to state 76
    '/'  shift, and go to state 77
    '@'  shift, and go to state 78
    '<'  shift, and go to state 79
    '='  shift, and go to state 80
    '.'  shift, and go to state 81

    $default  reduce using rule 38 (expr)


State 68

   20 expr: expr . '.' OBJECTID '(' param_expr ')'
   21     | expr . '@' TYPEID '.' OBJECTID '(' param_expr ')'
   30     | expr . '+' expr
   31     | expr . '-' expr
   32     | expr . '*' expr
   33     | expr . '/' expr
   34     | '~' expr .
   35     | expr . '<' expr
   36     | expr . LE expr
   37     | expr . '=' expr

    LE   shift, and go to state 73
    '@'  shift, and go to state 78
    '<'  shift, and go to state 79
    '='  shift, and go to state 80
    '.'  shift, and go to state 81

    $default  reduce using rule 34 (expr)


State 69

   52 one_or_more_expr: error . ';'

    ';'  shift, and go to state 92


State 70

   20 expr: expr . '.' OBJECTID '(' param_expr ')'
   21     | expr . '@' TYPEID '.' OBJECTID '(' param_expr ')'
   30     | expr . '+' expr
   31     | expr . '-' expr
   32     | expr . '*' expr
   33     | expr . '/' expr
   35     | expr . '<' expr
   36     | expr . LE expr
   37     | expr . '=' expr
   50 one_or_more_expr: expr . ';'

    LE   shift, and go to state 73
    '+'  shift, and go to state 74
    '-'  shift, and go to state 75
    '*'  shift, and go to state 76
    '/'  shift, and go to state 77
    '@'  shift, and go to state 78
    '<'  shift, and go to state 79
    '='  shift, and go to state 80
    '.'  shift, and go to state 81
    ';'  shift, and go to state 93


State 71

   25 expr: '{' one_or_more_expr . '}'
   51 one_or_more_expr: one_or_more_expr . expr ';'

    IF          shift, and go to state 41
    LET         shift, and go to state 42
    WHILE       shift, and go to state 43
    CASE        shift, and go to state 44
    NEW         shift, and go to state 45
    ISVOID      shift, and go to state 46
    STR_CONST   shift, and go to state 47
    INT_CONST   shift, and go to state 48
    BOOL_CONST  shift, and go to state 49
    OBJECTID    shift, and go to state 50
    NOT         shift, and go to state 51
    '~'         shift, and go to state 52
    '{'         shift, and go to state 53
    '}'         shift, and go to state 94
    '('         shift, and go to state 54

    expr  go to state 95


State 72

   20 expr: expr . '.' OBJECTID '(' param_expr ')'
   21     | expr . '@' TYPEID '.' OBJECTID '(' param_expr ')'
   30     | expr . '+' expr
   31     | expr . '-' expr
   32     | expr . '*' expr
   33     | expr . '/' expr
   35     | expr . '<' expr
   36     | expr . LE expr
   37     | expr . '=' expr
   39     | '(' expr . ')'

    LE   shift, and go to state 73
    '+'  shift, and go to state 74
    '-'  shift, and go to state 75
    '*'  shift, and go to state 76
    '/'  shift, and go to state 77
    '@'  shift, and go to state 78
    '<'  shift, and go to state 79
    '='  shift, and go to state 80
    '.'  shift, and go to state 81
    ')'  shift, and go to state 96


State 73

   36 expr: expr LE . expr

    IF          shift, and go to state 41
    LET         shift, and go to state 42
    WHILE       shift, and go to state 43
    CASE        shift, and go to state 44
    NEW         shift, and go to state 45
    ISVOID      shift, and go to state 46
    STR_CONST   shift, and go to state 47
    INT_CONST   shift, and go to state 48
    BOOL_CONST  shift, and go to state 49
    OBJECTID    shift, and go to state 50
    NOT         shift, and go to state 51
    '~'         shift, and go to state 52
    '{'         shift, and go to state 53
    '('         shift, and go to state 54

    expr  go to state 97


State 74

   30 expr: expr '+' . expr

    IF          shift, and go to state 41
    LET         shift, and go to state 42
    WHILE       shift, and go to state 43
    CASE        shift, and go to state 44
    NEW         shift, and go to state 45
    ISVOID      shift, and go to state 46
    STR_CONST   shift, and go to state 47
    INT_CONST   shift, and go to state 48
    BOOL_CONST  shift, and go to state 49
    OBJECTID    shift, and go to state 50
    NOT         shift, and go to state 51
    '~'         shift, and go to state 52
    '{'         shift, and go to state 53
    '('         shift, and go to state 54

    expr  go to state 98


State 75

   31 expr: expr '-' . expr

    IF          shift, and go to state 41
    LET         shift, and go to state 42
    WHILE       shift, and go to state 43
    CASE        shift, and go to state 44
    NEW         shift, and go to state 45
    ISVOID      shift, and go to state 46
    STR_CONST   shift, and go to state 47
    INT_CONST   shift, and go to state 48
    BOOL_CONST  shift, and go to state 49
    OBJECTID    shift, and go to state 50
    NOT         shift, and go to state 51
    '~'         shift, and go to state 52
    '{'         shift, and go to state 53
    '('         shift, and go to state 54

    expr  go to state 99


State 76

   32 expr: expr '*' . expr

    IF          shift, and go to state 41
    LET         shift, and go to state 42
    WHILE       shift, and go to state 43
    CASE        shift, and go to state 44
    NEW         shift, and go to state 45
    ISVOID      shift, and go to state 46
    STR_CONST   shift, and go to state 47
    INT_CONST   shift, and go to state 48
    BOOL_CONST  shift, and go to state 49
    OBJECTID    shift, and go to state 50
    NOT         shift, and go to state 51
    '~'         shift, and go to state 52
    '{'         shift, and go to state 53
    '('         shift, and go to state 54

    expr  go to state 100


State 77

   33 expr: expr '/' . expr

    IF          shift, and go to state 41
    LET         shift, and go to state 42
    WHILE       shift, and go to state 43
    CASE        shift, and go to state 44
    NEW         shift, and go to state 45
    ISVOID      shift, and go to state 46
    STR_CONST   shift, and go to state 47
    INT_CONST   shift, and go to state 48
    BOOL_CONST  shift, and go to state 49
    OBJECTID    shift, and go to state 50
    NOT         shift, and go to state 51
    '~'         shift, and go to state 52
    '{'         shift, and go to state 53
    '('         shift, and go to state 54

    expr  go to state 101


State 78

   21 expr: expr '@' . TYPEID '.' OBJECTID '(' param_expr ')'

    TYPEID  shift, and go to state 102


State 79

   35 expr: expr '<' . expr

    IF          shift, and go to state 41
    LET         shift, and go to state 42
    WHILE       shift, and go to state 43
    CASE        shift, and go to state 44
    NEW         shift, and go to state 45
    ISVOID      shift, and go to state 46
    STR_CONST   shift, and go to state 47
    INT_CONST   shift, and go to state 48
    BOOL_CONST  shift, and go to state 49
    OBJECTID    shift, and go to state 50
    NOT         shift, and go to state 51
    '~'         shift, and go to state 52
    '{'         shift, and go to state 53
    '('         shift, and go to state 54

    expr  go to state 103


State 80

   37 expr: expr '=' . expr

    IF          shift, and go to state 41
    LET         shift, and go to state 42
    WHILE       shift, and go to state 43
    CASE        shift, and go to state 44
    NEW         shift, and go to state 45
    ISVOID      shift, and go to state 46
    STR_CONST   shift, and go to state 47
    INT_CONST   shift, and go to state 48
    BOOL_CONST  shift, and go to state 49
    OBJECTID    shift, and go to state 50
    NOT         shift, and go to state 51
    '~'         shift, and go to state 52
    '{'         shift, and go to state 53
    '('         shift, and go to state 54

    expr  go to state 104


State 81

   20 expr: expr '.' . OBJECTID '(' param_expr ')'

    OBJECTID  shift, and go to state 105


State 82

   12 feature: OBJECTID '(' formals ')' ':' TYPEID '{' . expr '}'

    IF          shift, and go to state 41
    LET         shift, and go to state 42
    WHILE       shift, and go to state 43
    CASE        shift, and go to state 44
    NEW         shift, and go to state 45
    ISVOID      shift, and go to state 46
    STR_CONST   shift, and go to state 47
    INT_CONST   shift, and go to state 48
    BOOL_CONST  shift, and go to state 49
    OBJECTID    shift, and go to state 50
    NOT         shift, and go to state 51
    '~'         shift, and go to state 52
    '{'         shift, and go to state 53
    '('         shift, and go to state 54

    expr  go to state 106


State 83

   23 expr: IF expr THEN . expr ELSE expr FI

    IF          shift, and go to state 41
    LET         shift, and go to state 42
    WHILE       shift, and go to state 43
    CASE        shift, and go to state 44
    NEW         shift, and go to state 45
    ISVOID      shift, and go to state 46
    STR_CONST   shift, and go to state 47
    INT_CONST   shift, and go to state 48
    BOOL_CONST  shift, and go to state 49
    OBJECTID    shift, and go to state 50
    NOT         shift, and go to state 51
    '~'         shift, and go to state 52
    '{'         shift, and go to state 53
    '('         shift, and go to state 54

    expr  go to state 107


State 84

   48 let_expr: error IN . expr

    IF          shift, and go to state 41
    LET         shift, and go to state 42
    WHILE       shift, and go to state 43
    CASE        shift, and go to state 44
    NEW         shift, and go to state 45
    ISVOID      shift, and go to state 46
    STR_CONST   shift, and go to state 47
    INT_CONST   shift, and go to state 48
    BOOL_CONST  shift, and go to state 49
    OBJECTID    shift, and go to state 50
    NOT         shift, and go to state 51
    '~'         shift, and go to state 52
    '{'         shift, and go to state 53
    '('         shift, and go to state 54

    expr  go to state 108


State 85

   49 let_expr: error ',' . let_expr

    error     shift, and go to state 58
    OBJECTID  shift, and go to state 59

    let_expr  go to state 109


State 86

   44 let_expr: OBJECTID ':' . TYPEID IN expr
   45         | OBJECTID ':' . TYPEID ASSIGN expr IN expr
   46         | OBJECTID ':' . TYPEID ',' let_expr
   47         | OBJECTID ':' . TYPEID ASSIGN expr ',' let_expr

    TYPEID  shift, and go to state 110


State 87

   24 expr: WHILE expr LOOP . expr POOL

    IF          shift, and go to state 41
    LET         shift, and go to state 42
    WHILE       shift, and go to state 43
    CASE        shift, and go to state 44
    NEW         shift, and go to state 45
    ISVOID      shift, and go to state 46
    STR_CONST   shift, and go to state 47
    INT_CONST   shift, and go to state 48
    BOOL_CONST  shift, and go to state 49
    OBJECTID    shift, and go to state 50
    NOT         shift, and go to state 51
    '~'         shift, and go to state 52
    '{'         shift, and go to state 53
    '('         shift, and go to state 54

    expr  go to state 111


State 88

   27 expr: CASE expr OF . case_branch_list ESAC

    OBJECTID  shift, and go to state 112

    case_branch_list  go to state 113
    case_branch       go to state 114


State 89

   19 expr: OBJECTID ASSIGN expr .
   20     | expr . '.' OBJECTID '(' param_expr ')'
   21     | expr . '@' TYPEID '.' OBJECTID '(' param_expr ')'
   30     | expr . '+' expr
   31     | expr . '-' expr
   32     | expr . '*' expr
   33     | expr . '/' expr
   35     | expr . '<' expr
   36     | expr . LE expr
   37     | expr . '=' expr

    LE   shift, and go to state 73
    '+'  shift, and go to state 74
    '-'  shift, and go to state 75
    '*'  shift, and go to state 76
    '/'  shift, and go to state 77
    '@'  shift, and go to state 78
    '<'  shift, and go to state 79
    '='  shift, and go to state 80
    '.'  shift, and go to state 81

    $default  reduce using rule 19 (expr)


State 90

   20 expr: expr . '.' OBJECTID '(' param_expr ')'
   21     | expr . '@' TYPEID '.' OBJECTID '(' param_expr ')'
   30     | expr . '+' expr
   31     | expr . '-' expr
   32     | expr . '*' expr
   33     | expr . '/' expr
   35     | expr . '<' expr
   36     | expr . LE expr
   37     | expr . '=' expr
   53 param_expr: expr .

    LE   shift, and go to state 73
    '+'  shift, and go to state 74
    '-'  shift, and go to state 75
    '*'  shift, and go to state 76
    '/'  shift, and go to state 77
    '@'  shift, and go to state 78
    '<'  shift, and go to state 79
    '='  shift, and go to state 80
    '.'  shift, and go to state 81

    $default  reduce using rule 53 (param_expr)


State 91

   22 expr: OBJECTID '(' param_expr . ')'
   54 param_expr: param_expr . ',' expr

    ')'  shift, and go to state 115
    ','  shift, and go to state 116


State 92

   52 one_or_more_expr: error ';' .

    $default  reduce using rule 52 (one_or_more_expr)


State 93

   50 one_or_more_expr: expr ';' .

    $default  reduce using rule 50 (one_or_more_expr)


State 94

   25 expr: '{' one_or_more_expr '}' .

    $default  reduce using rule 25 (expr)


State 95

   20 expr: expr . '.' OBJECTID '(' param_expr ')'
   21     | expr . '@' TYPEID '.' OBJECTID '(' param_expr ')'
   30     | expr . '+' expr
   31     | expr . '-' expr
   32     | expr . '*' expr
   33     | expr . '/' expr
   35     | expr . '<' expr
   36     | expr . LE expr
   37     | expr . '=' expr
   51 one_or_more_expr: one_or_more_expr expr . ';'

    LE   shift, and go to state 73
    '+'  shift, and go to state 74
    '-'  shift, and go to state 75
    '*'  shift, and go to state 76
    '/'  shift, and go to state 77
    '@'  shift, and go to state 78
    '<'  shift, and go to state 79
    '='  shift, and go to state 80
    '.'  shift, and go to state 81
    ';'  shift, and go to state 117


State 96

   39 expr: '(' expr ')' .

    $default  reduce using rule 39 (expr)


State 97

   20 expr: expr . '.' OBJECTID '(' param_expr ')'
   21     | expr . '@' TYPEID '.' OBJECTID '(' param_expr ')'
   30     | expr . '+' expr
   31     | expr . '-' expr
   32     | expr . '*' expr
   33     | expr . '/' expr
   35     | expr . '<' expr
   36     | expr . LE expr
   36     | expr LE expr .
   37     | expr . '=' expr

    '.'  shift, and go to state 81

    LE   error (nonassociative)
    '<'  error (nonassociative)
    '='  error (nonassociative)

    $default  reduce using rule 36 (expr)


State 98

   20 expr: expr . '.' OBJECTID '(' param_expr ')'
   21     | expr . '@' TYPEID '.' OBJECTID '(' param_expr ')'
   30     | expr . '+' expr
   30     | expr '+' expr .
   31     | expr . '-' expr
   32     | expr . '*' expr
   33     | expr . '/' expr
   35     | expr . '<' expr
   36     | expr . LE expr
   37     | expr . '=' expr

    LE   shift, and go to state 73
    '*'  shift, and go to state 76
    '/'  shift, and go to state 77
    '@'  shift, and go to state 78
    '<'  shift, and go to state 79
    '='  shift, and go to state 80
    '.'  shift, and go to state 81

    $default  reduce using rule 30 (expr)


State 99

   20 expr: expr . '.' OBJECTID '(' param_expr ')'
   21     | expr . '@' TYPEID '.' OBJECTID '(' param_expr ')'
   30     | expr . '+' expr
   31     | expr . '-' expr
   31     | expr '-' expr .
   32     | expr . '*' expr
   33     | expr . '/' expr
   35     | expr . '<' expr
   36     | expr . LE expr
   37     | expr . '=' expr

    LE   shift, and go to state 73
    '*'  shift, and go to state 76
    '/'  shift, and go to state 77
    '@'  shift, and go to state 78
    '<'  shift, and go to state 79
    '='  shift, and go to state 80
    '.'  shift, and go to state 81

    $default  reduce using rule 31 (expr)


State 100

   20 expr: expr . '.' OBJECTID '(' param_expr ')'
   21     | expr . '@' TYPEID '.' OBJECTID '(' param_expr ')'
   30     | expr . '+' expr
   31     | expr . '-' expr
   32     | expr . '*' expr
   32     | expr '*' expr .
   33     | expr . '/' expr
   35     | expr . '<' expr
   36     | expr . LE expr
   37     | expr . '=' expr

    LE   shift, and go to state 73
    '@'  shift, and go to state 78
    '<'  shift, and go to state 79
    '='  shift, and go to state 80
    '.'  shift, and go to state 81

    $default  reduce using rule 32 (expr)


State 101

   20 expr: expr . '.' OBJECTID '(' param_expr ')'
   21     | expr . '@' TYPEID '.' OBJECTID '(' param_expr ')'
   30     | expr . '+' expr
   31     | expr . '-' expr
   32     | expr . '*' expr
   33     | expr . '/' expr
   33     | expr '/' expr .
   35     | expr . '<' expr
   36     | expr . LE expr
   37     | expr . '=' expr

    LE   shift, and go to state 73
    '@'  shift, and go to state 78
    '<'  shift, and go to state 79
    '='  shift, and go to state 80
    '.'  shift, and go to state 81

    $default  reduce using rule 33 (expr)


State 102

   21 expr: expr '@' TYPEID . '.' OBJECTID '(' param_expr ')'

    '.'  shift, and go to state 118


State 103

   20 expr: expr . '.' OBJECTID '(' param_expr ')'
   21     | expr . '@' TYPEID '.' OBJECTID '(' param_expr ')'
   30     | expr . '+' expr
   31     | expr . '-' expr
   32     | expr . '*' expr
   33     | expr . '/' expr
   35     | expr . '<' expr
   35     | expr '<' expr .
   36     | expr . LE expr
   37     | expr . '=' expr

    '.'  shift, and go to state 81

    LE   error (nonassociative)
    '<'  error (nonassociative)
    '='  error (nonassociative)

    $default  reduce using rule 35 (expr)


State 104

   20 expr: expr . '.' OBJECTID '(' param_expr ')'
   21     | expr . '@' TYPEID '.' OBJECTID '(' param_expr ')'
   30     | expr . '+' expr
   31     | expr . '-' expr
   32     | expr . '*' expr
   33     | expr . '/' expr
   35     | expr . '<' expr
   36     | expr . LE expr
   37     | expr . '=' expr
   37     | expr '=' expr .

    '.'  shift, and go to state 81

    LE   error (nonassociative)
    '<'  error (nonassociative)
    '='  error (nonassociative)

    $default  reduce using rule 37 (expr)


State 105

   20 expr: expr '.' OBJECTID . '(' param_expr ')'

    '('  shift, and go to state 119


State 106

   12 feature: OBJECTID '(' formals ')' ':' TYPEID '{' expr . '}'
   20 expr: expr . '.' OBJECTID '(' param_expr ')'
   21     | expr . '@' TYPEID '.' OBJECTID '(' param_expr ')'
   30     | expr . '+' expr
   31     | expr . '-' expr
   32     | expr . '*' expr
   33     | expr . '/' expr
   35     | expr . '<' expr
   36     | expr . LE expr
   37     | expr . '=' expr

    LE   shift, and go to state 73
    '+'  shift, and go to state 74
    '-'  shift, and go to state 75
    '*'  shift, and go to state 76
    '/'  shift, and go to state 77
    '@'  shift, and go to state 78
    '<'  shift, and go to state 79
    '='  shift, and go to state 80
    '.'  shift, and go to state 81
    '}'  shift, and go to state 120


State 107

   20 expr: expr . '.' OBJECTID '(' param_expr ')'
   21     | expr . '@' TYPEID '.' OBJECTID '(' param_expr ')'
   23     | IF expr THEN expr . ELSE expr FI
   30     | expr . '+' expr
   31     | expr . '-' expr
   32     | expr . '*' expr
   33     | expr . '/' expr
   35     | expr . '<' expr
   36     | expr . LE expr
   37     | expr . '=' expr

    ELSE  shift, and go to state 121
    LE    shift, and go to state 73
    '+'   shift, and go to state 74
    '-'   shift, and go to state 75
    '*'   shift, and go to state 76
    '/'   shift, and go to state 77
    '@'   shift, and go to state 78
    '<'   shift, and go to state 79
    '='   shift, and go to state 80
    '.'   shift, and go to state 81


State 108

   20 expr: expr . '.' OBJECTID '(' param_expr ')'
   21     | expr . '@' TYPEID '.' OBJECTID '(' param_expr ')'
   30     | expr . '+' expr
   31     | expr . '-' expr
   32     | expr . '*' expr
   33     | expr . '/' expr
   35     | expr . '<' expr
   36     | expr . LE expr
   37     | expr . '=' expr
   48 let_expr: error IN expr .

    LE   shift, and go to state 73
    '+'  shift, and go to state 74
    '-'  shift, and go to state 75
    '*'  shift, and go to state 76
    '/'  shift, and go to state 77
    '@'  shift, and go to state 78
    '<'  shift, and go to state 79
    '='  shift, and go to state 80
    '.'  shift, and go to state 81

    LE        [reduce using rule 48 (let_expr)]
    '+'       [reduce using rule 48 (let_expr)]
    '-'       [reduce using rule 48 (let_expr)]
    '*'       [reduce using rule 48 (let_expr)]
    '/'       [reduce using rule 48 (let_expr)]
    '@'       [reduce using rule 48 (let_expr)]
    '<'       [reduce using rule 48 (let_expr)]
    '='       [reduce using rule 48 (let_expr)]
    '.'       [reduce using rule 48 (let_expr)]
    $default  reduce using rule 48 (let_expr)


State 109

   49 let_expr: error ',' let_expr .

    $default  reduce using rule 49 (let_expr)


State 110

   44 let_expr: OBJECTID ':' TYPEID . IN expr
   45         | OBJECTID ':' TYPEID . ASSIGN expr IN expr
   46         | OBJECTID ':' TYPEID . ',' let_expr
   47         | OBJECTID ':' TYPEID . ASSIGN expr ',' let_expr

    IN      shift, and go to state 122
    ASSIGN  shift, and go to state 123
    ','     shift, and go to state 124


State 111

   20 expr: expr . '.' OBJECTID '(' param_expr ')'
   21     | expr . '@' TYPEID '.' OBJECTID '(' param_expr ')'
   24     | WHILE expr LOOP expr . POOL
   30     | expr . '+' expr
   31     | expr . '-' expr
   32     | expr . '*' expr
   33     | expr . '/' expr
   35     | expr . '<' expr
   36     | expr . LE expr
   37     | expr . '=' expr

    POOL  shift, and go to state 125
    LE    shift, and go to state 73
    '+'   shift, and go to state 74
    '-'   shift, and go to state 75
    '*'   shift, and go to state 76
    '/'   shift, and go to state 77
    '@'   shift, and go to state 78
    '<'   shift, and go to state 79
    '='   shift, and go to state 80
    '.'   shift, and go to state 81


State 112

   58 case_branch: OBJECTID . ':' TYPEID DARROW expr ';'

    ':'  shift, and go to state 126


State 113

   27 expr: CASE expr OF case_branch_list . ESAC
   57 case_branch_list: case_branch_list . case_branch

    ESAC      shift, and go to state 127
    OBJECTID  shift, and go to state 112

    case_branch  go to state 128


State 114

   56 case_branch_list: case_branch .

    $default  reduce using rule 56 (case_branch_list)


State 115

   22 expr: OBJECTID '(' param_expr ')' .

    $default  reduce using rule 22 (expr)


State 116

   54 param_expr: param_expr ',' . expr

    IF          shift, and go to state 41
    LET         shift, and go to state 42
    WHILE       shift, and go to state 43
    CASE        shift, and go to state 44
    NEW         shift, and go to state 45
    ISVOID      shift, and go to state 46
    STR_CONST   shift, and go to state 47
    INT_CONST   shift, and go to state 48
    BOOL_CONST  shift, and go to state 49
    OBJECTID    shift, and go to state 50
    NOT         shift, and go to state 51
    '~'         shift, and go to state 52
    '{'         shift, and go to state 53
    '('         shift, and go to state 54

    expr  go to state 129


State 117

   51 one_or_more_expr: one_or_more_expr expr ';' .

    $default  reduce using rule 51 (one_or_more_expr)


State 118

   21 expr: expr '@' TYPEID '.' . OBJECTID '(' param_expr ')'

    OBJECTID  shift, and go to state 130


State 119

   20 expr: expr '.' OBJECTID '(' . param_expr ')'

    IF          shift, and go to state 41
    LET         shift, and go to state 42
    WHILE       shift, and go to state 43
    CASE        shift, and go to state 44
    NEW         shift, and go to state 45
    ISVOID      shift, and go to state 46
    STR_CONST   shift, and go to state 47
    INT_CONST   shift, and go to state 48
    BOOL_CONST  shift, and go to state 49
    OBJECTID    shift, and go to state 50
    NOT         shift, and go to state 51
    '~'         shift, and go to state 52
    '{'         shift, and go to state 53
    '('         shift, and go to state 54

    $default  reduce using rule 55 (param_expr)

    expr        go to state 90
    param_expr  go to state 131


State 120

   12 feature: OBJECTID '(' formals ')' ':' TYPEID '{' expr '}' .

    $default  reduce using rule 12 (feature)


State 121

   23 expr: IF expr THEN expr ELSE . expr FI

    IF          shift, and go to state 41
    LET         shift, and go to state 42
    WHILE       shift, and go to state 43
    CASE        shift, and go to state 44
    NEW         shift, and go to state 45
    ISVOID      shift, and go to state 46
    STR_CONST   shift, and go to state 47
    INT_CONST   shift, and go to state 48
    BOOL_CONST  shift, and go to state 49
    OBJECTID    shift, and go to state 50
    NOT         shift, and go to state 51
    '~'         shift, and go to state 52
    '{'         shift, and go to state 53
    '('         shift, and go to state 54

    expr  go to state 132


State 122

   44 let_expr: OBJECTID ':' TYPEID IN . expr

    IF          shift, and go to state 41
    LET         shift, and go to state 42
    WHILE       shift, and go to state 43
    CASE        shift, and go to state 44
    NEW         shift, and go to state 45
    ISVOID      shift, and go to state 46
    STR_CONST   shift, and go to state 47
    INT_CONST   shift, and go to state 48
    BOOL_CONST  shift, and go to state 49
    OBJECTID    shift, and go to state 50
    NOT         shift, and go to state 51
    '~'         shift, and go to state 52
    '{'         shift, and go to state 53
    '('         shift, and go to state 54

    expr  go to state 133


State 123

   45 let_expr: OBJECTID ':' TYPEID ASSIGN . expr IN expr
   47         | OBJECTID ':' TYPEID ASSIGN . expr ',' let_expr

    IF          shift, and go to state 41
    LET         shift, and go to state 42
    WHILE       shift, and go to state 43
    CASE        shift, and go to state 44
    NEW         shift, and go to state 45
    ISVOID      shift, and go to state 46
    STR_CONST   shift, and go to state 47
    INT_CONST   shift, and go to state 48
    BOOL_CONST  shift, and go to state 49
    OBJECTID    shift, and go to state 50
    NOT         shift, and go to state 51
    '~'         shift, and go to state 52
    '{'         shift, and go to state 53
    '('         shift, and go to state 54

    expr  go to state 134


State 124

   46 let_expr: OBJECTID ':' TYPEID ',' . let_expr

    error     shift, and go to state 58
    OBJECTID  shift, and go to state 59

    let_expr  go to state 135


State 125

   24 expr: WHILE expr LOOP expr POOL .

    $default  reduce using rule 24 (expr)


State 126

   58 case_branch: OBJECTID ':' . TYPEID DARROW expr ';'

    TYPEID  shift, and go to state 136


State 127

   27 expr: CASE expr OF case_branch_list ESAC .

    $default  reduce using rule 27 (expr)


State 128

   57 case_branch_list: case_branch_list case_branch .

    $default  reduce using rule 57 (case_branch_list)


State 129

   20 expr: expr . '.' OBJECTID '(' param_expr ')'
   21     | expr . '@' TYPEID '.' OBJECTID '(' param_expr ')'
   30     | expr . '+' expr
   31     | expr . '-' expr
   32     | expr . '*' expr
   33     | expr . '/' expr
   35     | expr . '<' expr
   36     | expr . LE expr
   37     | expr . '=' expr
   54 param_expr: param_expr ',' expr .

    LE   shift, and go to state 73
    '+'  shift, and go to state 74
    '-'  shift, and go to state 75
    '*'  shift, and go to state 76
    '/'  shift, and go to state 77
    '@'  shift, and go to state 78
    '<'  shift, and go to state 79
    '='  shift, and go to state 80
    '.'  shift, and go to state 81

    $default  reduce using rule 54 (param_expr)


State 130

   21 expr: expr '@' TYPEID '.' OBJECTID . '(' param_expr ')'

    '('  shift, and go to state 137


State 131

   20 expr: expr '.' OBJECTID '(' param_expr . ')'
   54 param_expr: param_expr . ',' expr

    ')'  shift, and go to state 138
    ','  shift, and go to state 116


State 132

   20 expr: expr . '.' OBJECTID '(' param_expr ')'
   21     | expr . '@' TYPEID '.' OBJECTID '(' param_expr ')'
   23     | IF expr THEN expr ELSE expr . FI
   30     | expr . '+' expr
   31     | expr . '-' expr
   32     | expr . '*' expr
   33     | expr . '/' expr
   35     | expr . '<' expr
   36     | expr . LE expr
   37     | expr . '=' expr

    FI   shift, and go to state 139
    LE   shift, and go to state 73
    '+'  shift, and go to state 74
    '-'  shift, and go to state 75
    '*'  shift, and go to state 76
    '/'  shift, and go to state 77
    '@'  shift, and go to state 78
    '<'  shift, and go to state 79
    '='  shift, and go to state 80
    '.'  shift, and go to state 81


State 133

   20 expr: expr . '.' OBJECTID '(' param_expr ')'
   21     | expr . '@' TYPEID '.' OBJECTID '(' param_expr ')'
   30     | expr . '+' expr
   31     | expr . '-' expr
   32     | expr . '*' expr
   33     | expr . '/' expr
   35     | expr . '<' expr
   36     | expr . LE expr
   37     | expr . '=' expr
   44 let_expr: OBJECTID ':' TYPEID IN expr .

    LE   shift, and go to state 73
    '+'  shift, and go to state 74
    '-'  shift, and go to state 75
    '*'  shift, and go to state 76
    '/'  shift, and go to state 77
    '@'  shift, and go to state 78
    '<'  shift, and go to state 79
    '='  shift, and go to state 80
    '.'  shift, and go to state 81

    LE        [reduce using rule 44 (let_expr)]
    '+'       [reduce using rule 44 (let_expr)]
    '-'       [reduce using rule 44 (let_expr)]
    '*'       [reduce using rule 44 (let_expr)]
    '/'       [reduce using rule 44 (let_expr)]
    '@'       [reduce using rule 44 (let_expr)]
    '<'       [reduce using rule 44 (let_expr)]
    '='       [reduce using rule 44 (let_expr)]
    '.'       [reduce using rule 44 (let_expr)]
    $default  reduce using rule 44 (let_expr)


State 134

   20 expr: expr . '.' OBJECTID '(' param_expr ')'
   21     | expr . '@' TYPEID '.' OBJECTID '(' param_expr ')'
   30     | expr . '+' expr
   31     | expr . '-' expr
   32     | expr . '*' expr
   33     | expr . '/' expr
   35     | expr . '<' expr
   36     | expr . LE expr
   37     | expr . '=' expr
   45 let_expr: OBJECTID ':' TYPEID ASSIGN expr . IN expr
   47         | OBJECTID ':' TYPEID ASSIGN expr . ',' let_expr

    IN   shift, and go to state 140
    LE   shift, and go to state 73
    '+'  shift, and go to state 74
    '-'  shift, and go to state 75
    '*'  shift, and go to state 76
    '/'  shift, and go to state 77
    '@'  shift, and go to state 78
    '<'  shift, and go to state 79
    '='  shift, and go to state 80
    '.'  shift, and go to state 81
    ','  shift, and go to state 141


State 135

   46 let_expr: OBJECTID ':' TYPEID ',' let_expr .

    $default  reduce using rule 46 (let_expr)


State 136

   58 case_branch: OBJECTID ':' TYPEID . DARROW expr ';'

    DARROW  shift, and go to state 142


State 137

   21 expr: expr '@' TYPEID '.' OBJECTID '(' . param_expr ')'

    IF          shift, and go to state 41
    LET         shift, and go to state 42
    WHILE       shift, and go to state 43
    CASE        shift, and go to state 44
    NEW         shift, and go to state 45
    ISVOID      shift, and go to state 46
    STR_CONST   shift, and go to state 47
    INT_CONST   shift, and go to state 48
    BOOL_CONST  shift, and go to state 49
    OBJECTID    shift, and go to state 50
    NOT         shift, and go to state 51
    '~'         shift, and go to state 52
    '{'         shift, and go to state 53
    '('         shift, and go to state 54

    $default  reduce using rule 55 (param_expr)

    expr        go to state 90
    param_expr  go to state 143


State 138

   20 expr: expr '.' OBJECTID '(' param_expr ')' .

    $default  reduce using rule 20 (expr)


State 139

   23 expr: IF expr THEN expr ELSE expr FI .

    $default  reduce using rule 23 (expr)


State 140

   45 let_expr: OBJECTID ':' TYPEID ASSIGN expr IN . expr

    IF          shift, and go to state 41
    LET         shift, and go to state 42
    WHILE       shift, and go to state 43
    CASE        shift, and go to state 44
    NEW         shift, and go to state 45
    ISVOID      shift, and go to state 46
    STR_CONST   shift, and go to state 47
    INT_CONST   shift, and go to state 48
    BOOL_CONST  shift, and go to state 49
    OBJECTID    shift, and go to state 50
    NOT         shift, and go to state 51
    '~'         shift, and go to state 52
    '{'         shift, and go to state 53
    '('         shift, and go to state 54

    expr  go to state 144


State 141

   47 let_expr: OBJECTID ':' TYPEID ASSIGN expr ',' . let_expr

    error     shift, and go to state 58
    OBJECTID  shift, and go to state 59

    let_expr  go to state 145


State 142

   58 case_branch: OBJECTID ':' TYPEID DARROW . expr ';'

    IF          shift, and go to state 41
    LET         shift, and go to state 42
    WHILE       shift, and go to state 43
    CASE        shift, and go to state 44
    NEW         shift, and go to state 45
    ISVOID      shift, and go to state 46
    STR_CONST   shift, and go to state 47
    INT_CONST   shift, and go to state 48
    BOOL_CONST  shift, and go to state 49
    OBJECTID    shift, and go to state 50
    NOT         shift, and go to state 51
    '~'         shift, and go to state 52
    '{'         shift, and go to state 53
    '('         shift, and go to state 54

    expr  go to state 146


State 143

   21 expr: expr '@' TYPEID '.' OBJECTID '(' param_expr . ')'
   54 param_expr: param_expr . ',' expr

    ')'  shift, and go to state 147
    ','  shift, and go to state 116


State 144

   20 expr: expr . '.' OBJECTID '(' param_expr ')'
   21     | expr . '@' TYPEID '.' OBJECTID '(' param_expr ')'
   30     | expr . '+' expr
   31     | expr . '-' expr
   32     | expr . '*' expr
   33     | expr . '/' expr
   35     | expr . '<' expr
   36     | expr . LE expr
   37     | expr . '=' expr
   45 let_expr: OBJECTID ':' TYPEID ASSIGN expr IN expr .

    LE   shift, and go to state 73
    '+'  shift, and go to state 74
    '-'  shift, and go to state 75
    '*'  shift, and go to state 76
    '/'  shift, and go to state 77
    '@'  shift, and go to state 78
    '<'  shift, and go to state 79
    '='  shift, and go to state 80
    '.'  shift, and go to state 81

    LE        [reduce using rule 45 (let_expr)]
    '+'       [reduce using rule 45 (let_expr)]
    '-'       [reduce using rule 45 (let_expr)]
    '*'       [reduce using rule 45 (let_expr)]
    '/'       [reduce using rule 45 (let_expr)]
    '@'       [reduce using rule 45 (let_expr)]
    '<'       [reduce using rule 45 (let_expr)]
    '='       [reduce using rule 45 (let_expr)]
    '.'       [reduce using rule 45 (let_expr)]
    $default  reduce using rule 45 (let_expr)


State 145

   47 let_expr: OBJECTID ':' TYPEID ASSIGN expr ',' let_expr .

    $default  reduce using rule 47 (let_expr)


State 146

   20 expr: expr . '.' OBJECTID '(' param_expr ')'
   21     | expr . '@' TYPEID '.' OBJECTID '(' param_expr ')'
   30     | expr . '+' expr
   31     | expr . '-' expr
   32     | expr . '*' expr
   33     | expr . '/' expr
   35     | expr . '<' expr
   36     | expr . LE expr
   37     | expr . '=' expr
   58 case_branch: OBJECTID ':' TYPEID DARROW expr . ';'

    LE   shift, and go to state 73
    '+'  shift, and go to state 74
    '-'  shift, and go to state 75
    '*'  shift, and go to state 76
    '/'  shift, and go to state 77
    '@'  shift, and go to state 78
    '<'  shift, and go to state 79
    '='  shift, and go to state 80
    '.'  shift, and go to state 81
    ';'  shift, and go to state 148


State 147

   21 expr: expr '@' TYPEID '.' OBJECTID '(' param_expr ')' .

    $default  reduce using rule 21 (expr)


State 148

   58 case_branch: OBJECTID ':' TYPEID DARROW expr ';' .

    $default  reduce using rule 58 (case_branch)
